#
# A fatal error has been detected by the Java Runtime Environment:
#
#  EXCEPTION_ACCESS_VIOLATION (0xc0000005) at pc=0x6cea5ab5, pid=4144, tid=7432
#
# JRE version: Java(TM) SE Runtime Environment (7.0_45-b18) (build 1.7.0_45-b18)
# Java VM: Java HotSpot(TM) Client VM (24.45-b08 mixed mode windows-x86 )
# Problematic frame:
# V  [jvm.dll+0xa5ab5]
#
# Failed to write core dump. Minidumps are not enabled by default on client versions of Windows
#
# If you would like to submit a bug report, please visit:
#   http://bugreport.sun.com/bugreport/crash.jsp
#

---------------  T H R E A D  ---------------

Current thread (0x00d91800):  VMThread [stack: 0x009b0000,0x00a00000] [id=7432]

siginfo: ExceptionCode=0xc0000005, reading address 0x00000068

Registers:
EAX=0x1bb2dd60, EBX=0x1bb0dd9c, ECX=0x00000000, EDX=0x00000000
ESP=0x009ff234, EBP=0x009ff250, ESI=0x1bb0dda0, EDI=0x1bb0f1d8
EIP=0x6cea5ab5, EFLAGS=0x00010293

Top of Stack: (sp=0x009ff234)
0x009ff234:   1a456070 00000000 000003fe 44e6e040
0x009ff244:   1bb0dda0 00000003 44e6e038 009ff270
0x009ff254:   6cf98ce2 1bb0dd78 6d1259f0 19d9c610
0x009ff264:   00ca3ca8 009ff27c 6cf990db 009ff27c
0x009ff274:   6cf990e1 6d1259f0 009ff290 6ce8f9a6
0x009ff284:   00000003 6d1259f0 00ca3ca8 009ff2ac
0x009ff294:   6ce8bd6e 6d1259f0 00000000 6d1259f0
0x009ff2a4:   6d1259f0 00ca3ca8 009ff2ec 6ce85acf 

Instructions: (pc=0x6cea5ab5)
0x6cea5a95:   80 3d e2 70 11 6d 00 75 0a 8b d0 80 e2 07 80 fa
0x6cea5aa5:   01 eb 1b 8b c8 83 e1 07 83 f9 05 74 24 8b 57 04
0x6cea5ab5:   8b 52 68 83 e2 07 80 fa 05 74 0c 83 f9 01 75 07
0x6cea5ac5:   a9 80 ff ff ff 74 0a 50 57 e8 ad 2e 0f 00 83 c4 


Register to memory mapping:

EAX=0x1bb2dd60 is an oop
[Ljava.lang.Object; 
 - klass: 'java/lang/Object'[]
 - length: 3
EBX=0x1bb0dd9c is pointing into object: 0x1bb0dd78
com.google.common.collect.LinkedHashMultimap$ValueEntry 
 - klass: 'com/google/common/collect/LinkedHashMultimap$ValueEntry'
ECX=0x00000000 is an unknown value
EDX=0x00000000 is an unknown value
ESP=0x009ff234 is an unknown value
EBP=0x009ff250 is an unknown value
ESI=0x1bb0dda0 is an oop
[Lcom.google.common.collect.LinkedHashMultimap$ValueEntry; 
 - klass: 'com/google/common/collect/LinkedHashMultimap$ValueEntry'[]
 - length: 2
EDI=0x1bb0f1d8 is pointing into object: 0x1bb0f1c8
java.util.ArrayList 
 - klass: 'java/util/ArrayList'


Stack: [0x009b0000,0x00a00000],  sp=0x009ff234,  free space=316k
Native frames: (J=compiled Java code, j=interpreted, Vv=VM code, C=native code)
V  [jvm.dll+0xa5ab5]
V  [jvm.dll+0x198ce2]
V  [jvm.dll+0x1990e1]
V  [jvm.dll+0x8f9a6]
V  [jvm.dll+0x8bd6e]
V  [jvm.dll+0x85acf]
V  [jvm.dll+0x87a5f]
V  [jvm.dll+0x87f64]
V  [jvm.dll+0x86b05]
V  [jvm.dll+0x8e3e3]
V  [jvm.dll+0x854aa]
V  [jvm.dll+0x7c183]
V  [jvm.dll+0x19bfb6]
V  [jvm.dll+0x1661fb]
V  [jvm.dll+0x165601]
V  [jvm.dll+0x165a17]
V  [jvm.dll+0x165c12]
V  [jvm.dll+0x1a49f9]
C  [msvcr100.dll+0x5c556]
C  [msvcr100.dll+0x5c600]
C  [KERNEL32.DLL+0x138f4]
C  [ntdll.dll+0x65de3]
C  [ntdll.dll+0x65dae]

VM_Operation (0x4bd2dcd8): GenCollectForAllocation, mode: safepoint, requested by thread 0x4b40b800


---------------  P R O C E S S  ---------------

Java Threads: ( => current thread )
  0x4c989800 JavaThread "pool-1-thread-4" [_thread_blocked, id=9972, stack(0x4d2e0000,0x4d330000)]
  0x4b6ef400 JavaThread "pool-1-thread-3" [_thread_blocked, id=9996, stack(0x4d250000,0x4d2a0000)]
  0x4b6f2c00 JavaThread "pool-1-thread-2" [_thread_blocked, id=3320, stack(0x4d1c0000,0x4d210000)]
  0x4b6f2400 JavaThread "pool-1-thread-1" [_thread_blocked, id=6460, stack(0x4d130000,0x4d180000)]
  0x4b6f2000 JavaThread "Task worker Thread 3" [_thread_blocked, id=10140, stack(0x4d0a0000,0x4d0f0000)]
  0x4b6f1800 JavaThread "Task worker Thread 2" [_thread_blocked, id=9800, stack(0x4d010000,0x4d060000)]
  0x4b6f0c00 JavaThread "Task worker" [_thread_blocked, id=9928, stack(0x4cf80000,0x4cfd0000)]
  0x4b6f0000 JavaThread "Stdin handler" [_thread_blocked, id=10200, stack(0x4cef0000,0x4cf40000)]
  0x4b6f0800 JavaThread "Cancel handler" [_thread_blocked, id=5740, stack(0x4ce60000,0x4ceb0000)]
  0x4b6ef800 JavaThread "Handler for socket connection from /127.0.0.1:1975 to /127.0.0.1:2082" [_thread_in_native, id=9836, stack(0x4bd70000,0x4bdc0000)]
  0x4b8ea400 JavaThread "File lock request listener" [_thread_in_native, id=8732, stack(0x4be00000,0x4be50000)]
  0x4b40b800 JavaThread "Daemon worker" [_thread_blocked, id=7336, stack(0x4bce0000,0x4bd30000)]
  0x4b3ea800 JavaThread "Daemon" [_thread_blocked, id=10192, stack(0x4bb20000,0x4bb70000)]
  0x4b3e7c00 JavaThread "Incoming local TCP Connector on port 1975" [_thread_in_native, id=8608, stack(0x4ba30000,0x4ba80000)]
  0x4a866c00 JavaThread "Service Thread" daemon [_thread_blocked, id=7332, stack(0x4abf0000,0x4ac40000)]
  0x4a865800 JavaThread "C1 CompilerThread0" daemon [_thread_blocked, id=7412, stack(0x4ab60000,0x4abb0000)]
  0x4a864000 JavaThread "Attach Listener" daemon [_thread_blocked, id=680, stack(0x4aad0000,0x4ab20000)]
  0x4a862000 JavaThread "Signal Dispatcher" daemon [_thread_blocked, id=5184, stack(0x4aa40000,0x4aa90000)]
  0x00d99800 JavaThread "Finalizer" daemon [_thread_blocked, id=7372, stack(0x01190000,0x011e0000)]
  0x00d93800 JavaThread "Reference Handler" daemon [_thread_blocked, id=3596, stack(0x00da0000,0x00df0000)]
  0x0280c400 JavaThread "main" [_thread_blocked, id=8852, stack(0x00920000,0x00970000)]

Other Threads:
=>0x00d91800 VMThread [stack: 0x009b0000,0x00a00000] [id=7432]
  0x4a880400 WatcherThread [stack: 0x4ac80000,0x4acd0000] [id=6440]

VM state:at safepoint (normal execution)

VM Mutex/Monitor currently owned by a thread:  ([mutex/lock_event])
[0x0280aea0] Threads_lock - owner thread: 0x00d91800
[0x0280b308] Heap_lock - owner thread: 0x4b40b800

Heap
 def new generation   total 21696K, used 2368K [0x04810000, 0x05f90000, 0x19d60000)
  eden space 19328K,   0% used [0x04810000, 0x04810000, 0x05af0000)
  from space 2368K, 100% used [0x05af0000, 0x05d40000, 0x05d40000)
  to   space 2368K,   0% used [0x05d40000, 0x05d40000, 0x05f90000)
 tenured generation   total 53764K, used 53659K [0x19d60000, 0x1d1e1000, 0x44810000)
   the space 53764K,  99% used [0x19d60000, 0x1d1c6ee0, 0x1d1c7000, 0x1d1e1000)
 compacting perm gen  total 30208K, used 29977K [0x44810000, 0x46590000, 0x48810000)
   the space 30208K,  99% used [0x44810000, 0x465566c0, 0x46556800, 0x46590000)
No shared spaces configured.

Card table byte_map: [0x4a610000,0x4a840000] byte_map_base: 0x4a5ebf80

Polling page: 0x00a50000

Code Cache  [0x02810000, 0x02f98000, 0x04810000)
 total_blobs=4533 nmethods=4106 adapters=363 free_code_cache=25079Kb largest_free_block=25676288

Compilation events (10 events):
Event: 57.919 Thread 0x4a865800 4172             java.util.zip.ZipOutputStream::putNextEntry (337 bytes)
Event: 57.921 Thread 0x4a865800 nmethod 4172 0x02f90d08 code [0x02f90ee0, 0x02f9163c]
Event: 57.921 Thread 0x4a865800 4173             java.util.zip.ZipOutputStream$XEntry::<init> (15 bytes)
Event: 57.921 Thread 0x4a865800 nmethod 4173 0x02f91b08 code [0x02f91c00, 0x02f91ca0]
Event: 57.921 Thread 0x4a865800 4174             java.util.zip.ZipOutputStream::writeLOC (304 bytes)
Event: 57.922 Thread 0x4a865800 nmethod 4174 0x02f91d08 code [0x02f91f70, 0x02f9252c]
Event: 57.922 Thread 0x4a865800 4175             java.util.zip.ZipOutputStream::version (48 bytes)
Event: 57.922 Thread 0x4a865800 nmethod 4175 0x02f92b88 code [0x02f92c90, 0x02f92dac]
Event: 57.933 Thread 0x4a865800 4176   !         java.util.zip.Deflater::reset (62 bytes)
Event: 57.934 Thread 0x4a865800 nmethod 4176 0x02f92e88 code [0x02f92fa0, 0x02f93228]

GC Heap History (10 events):
Event: 44.566 GC heap after
Heap after GC invocations=111 (full 5):
 def new generation   total 21696K, used 1947K [0x04810000, 0x05f90000, 0x19d60000)
  eden space 19328K,   0% used [0x04810000, 0x04810000, 0x05af0000)
  from space 2368K,  82% used [0x05d40000, 0x05f26e38, 0x05f90000)
  to   space 2368K,   0% used [0x05af0000, 0x05af0000, 0x05d40000)
 tenured generation   total 48004K, used 46437K [0x19d60000, 0x1cc41000, 0x44810000)
   the space 48004K,  96% used [0x19d60000, 0x1cab9630, 0x1cab9800, 0x1cc41000)
 compacting perm gen  total 29440K, used 29366K [0x44810000, 0x464d0000, 0x48810000)
   the space 29440K,  99% used [0x44810000, 0x464bd8f8, 0x464bda00, 0x464d0000)
No shared spaces configured.
}
Event: 55.201 GC heap before
{Heap before GC invocations=111 (full 5):
 def new generation   total 21696K, used 20615K [0x04810000, 0x05f90000, 0x19d60000)
  eden space 19328K,  96% used [0x04810000, 0x05a4b0b8, 0x05af0000)
  from space 2368K,  82% used [0x05d40000, 0x05f26e38, 0x05f90000)
  to   space 2368K,   0% used [0x05af0000, 0x05af0000, 0x05d40000)
 tenured generation   total 48004K, used 46437K [0x19d60000, 0x1cc41000, 0x44810000)
   the space 48004K,  96% used [0x19d60000, 0x1cab9630, 0x1cab9800, 0x1cc41000)
 compacting perm gen  total 29440K, used 29391K [0x44810000, 0x464d0000, 0x48810000)
   the space 29440K,  99% used [0x44810000, 0x464c3d88, 0x464c3e00, 0x464d0000)
No shared spaces configured.
Event: 55.207 GC heap after
Heap after GC invocations=112 (full 5):
 def new generation   total 21696K, used 1400K [0x04810000, 0x05f90000, 0x19d60000)
  eden space 19328K,   0% used [0x04810000, 0x04810000, 0x05af0000)
  from space 2368K,  59% used [0x05af0000, 0x05c4e290, 0x05d40000)
  to   space 2368K,   0% used [0x05d40000, 0x05d40000, 0x05f90000)
 tenured generation   total 48004K, used 47557K [0x19d60000, 0x1cc41000, 0x44810000)
   the space 48004K,  99% used [0x19d60000, 0x1cbd1740, 0x1cbd1800, 0x1cc41000)
 compacting perm gen  total 29440K, used 29391K [0x44810000, 0x464d0000, 0x48810000)
   the space 29440K,  99% used [0x44810000, 0x464c3d88, 0x464c3e00, 0x464d0000)
No shared spaces configured.
}
Event: 55.296 GC heap before
{Heap before GC invocations=112 (full 5):
 def new generation   total 21696K, used 20728K [0x04810000, 0x05f90000, 0x19d60000)
  eden space 19328K, 100% used [0x04810000, 0x05af0000, 0x05af0000)
  from space 2368K,  59% used [0x05af0000, 0x05c4e290, 0x05d40000)
  to   space 2368K,   0% used [0x05d40000, 0x05d40000, 0x05f90000)
 tenured generation   total 48004K, used 47557K [0x19d60000, 0x1cc41000, 0x44810000)
   the space 48004K,  99% used [0x19d60000, 0x1cbd1740, 0x1cbd1800, 0x1cc41000)
 compacting perm gen  total 29440K, used 29391K [0x44810000, 0x464d0000, 0x48810000)
   the space 29440K,  99% used [0x44810000, 0x464c3df8, 0x464c3e00, 0x464d0000)
No shared spaces configured.
Event: 55.300 GC heap after
Heap after GC invocations=113 (full 5):
 def new generation   total 21696K, used 424K [0x04810000, 0x05f90000, 0x19d60000)
  eden space 19328K,   0% used [0x04810000, 0x04810000, 0x05af0000)
  from space 2368K,  17% used [0x05d40000, 0x05daa158, 0x05f90000)
  to   space 2368K,   0% used [0x05af0000, 0x05af0000, 0x05d40000)
 tenured generation   total 48004K, used 47872K [0x19d60000, 0x1cc41000, 0x44810000)
   the space 48004K,  99% used [0x19d60000, 0x1cc20290, 0x1cc20400, 0x1cc41000)
 compacting perm gen  total 29440K, used 29391K [0x44810000, 0x464d0000, 0x48810000)
   the space 29440K,  99% used [0x44810000, 0x464c3df8, 0x464c3e00, 0x464d0000)
No shared spaces configured.
}
Event: 55.573 GC heap before
{Heap before GC invocations=113 (full 5):
 def new generation   total 21696K, used 19752K [0x04810000, 0x05f90000, 0x19d60000)
  eden space 19328K, 100% used [0x04810000, 0x05af0000, 0x05af0000)
  from space 2368K,  17% used [0x05d40000, 0x05daa158, 0x05f90000)
  to   space 2368K,   0% used [0x05af0000, 0x05af0000, 0x05d40000)
 tenured generation   total 48004K, used 47872K [0x19d60000, 0x1cc41000, 0x44810000)
   the space 48004K,  99% used [0x19d60000, 0x1cc20290, 0x1cc20400, 0x1cc41000)
 compacting perm gen  total 29696K, used 29672K [0x44810000, 0x46510000, 0x48810000)
   the space 29696K,  99% used [0x44810000, 0x4650a138, 0x4650a200, 0x46510000)
No shared spaces configured.
Event: 55.576 GC heap after
Heap after GC invocations=114 (full 5):
 def new generation   total 21696K, used 850K [0x04810000, 0x05f90000, 0x19d60000)
  eden space 19328K,   0% used [0x04810000, 0x04810000, 0x05af0000)
  from space 2368K,  35% used [0x05af0000, 0x05bc4a70, 0x05d40000)
  to   space 2368K,   0% used [0x05d40000, 0x05d40000, 0x05f90000)
 tenured generation   total 48004K, used 47872K [0x19d60000, 0x1cc41000, 0x44810000)
   the space 48004K,  99% used [0x19d60000, 0x1cc20290, 0x1cc20400, 0x1cc41000)
 compacting perm gen  total 29696K, used 29672K [0x44810000, 0x46510000, 0x48810000)
   the space 29696K,  99% used [0x44810000, 0x4650a138, 0x4650a200, 0x46510000)
No shared spaces configured.
}
Event: 57.391 GC heap before
{Heap before GC invocations=114 (full 5):
 def new generation   total 21696K, used 20178K [0x04810000, 0x05f90000, 0x19d60000)
  eden space 19328K, 100% used [0x04810000, 0x05af0000, 0x05af0000)
  from space 2368K,  35% used [0x05af0000, 0x05bc4a70, 0x05d40000)
  to   space 2368K,   0% used [0x05d40000, 0x05d40000, 0x05f90000)
 tenured generation   total 48004K, used 47872K [0x19d60000, 0x1cc41000, 0x44810000)
   the space 48004K,  99% used [0x19d60000, 0x1cc20290, 0x1cc20400, 0x1cc41000)
 compacting perm gen  total 30208K, used 29976K [0x44810000, 0x46590000, 0x48810000)
   the space 30208K,  99% used [0x44810000, 0x46556390, 0x46556400, 0x46590000)
No shared spaces configured.
Event: 57.395 GC heap after
Heap after GC invocations=115 (full 5):
 def new generation   total 21696K, used 1197K [0x04810000, 0x05f90000, 0x19d60000)
  eden space 19328K,   0% used [0x04810000, 0x04810000, 0x05af0000)
  from space 2368K,  50% used [0x05d40000, 0x05e6b580, 0x05f90000)
  to   space 2368K,   0% used [0x05af0000, 0x05af0000, 0x05d40000)
 tenured generation   total 48004K, used 47872K [0x19d60000, 0x1cc41000, 0x44810000)
   the space 48004K,  99% used [0x19d60000, 0x1cc20290, 0x1cc20400, 0x1cc41000)
 compacting perm gen  total 30208K, used 29976K [0x44810000, 0x46590000, 0x48810000)
   the space 30208K,  99% used [0x44810000, 0x46556390, 0x46556400, 0x46590000)
No shared spaces configured.
}
Event: 57.983 GC heap before
{Heap before GC invocations=115 (full 5):
 def new generation   total 21696K, used 20525K [0x04810000, 0x05f90000, 0x19d60000)
  eden space 19328K, 100% used [0x04810000, 0x05af0000, 0x05af0000)
  from space 2368K,  50% used [0x05d40000, 0x05e6b580, 0x05f90000)
  to   space 2368K,   0% used [0x05af0000, 0x05af0000, 0x05d40000)
 tenured generation   total 48004K, used 47872K [0x19d60000, 0x1cc41000, 0x44810000)
   the space 48004K,  99% used [0x19d60000, 0x1cc20290, 0x1cc20400, 0x1cc41000)
 compacting perm gen  total 30208K, used 29977K [0x44810000, 0x46590000, 0x48810000)
   the space 30208K,  99% used [0x44810000, 0x465566c0, 0x46556800, 0x46590000)
No shared spaces configured.

Deoptimization events (0 events):
No events

Internal exceptions (10 events):
Event: 57.264 Thread 0x4b40b800 Threw 0x059b96e0 at C:\re\jdk7u45\229\hotspot\src\share\vm\prims\jvm.cpp:1244
Event: 57.265 Thread 0x4b40b800 Threw 0x059c4058 at C:\re\jdk7u45\229\hotspot\src\share\vm\prims\jvm.cpp:1244
Event: 57.266 Thread 0x4b40b800 Threw 0x059cdef0 at C:\re\jdk7u45\229\hotspot\src\share\vm\prims\jvm.cpp:1244
Event: 57.267 Thread 0x4b40b800 Threw 0x059df268 at C:\re\jdk7u45\229\hotspot\src\share\vm\prims\jvm.cpp:1244
Event: 57.267 Thread 0x4b40b800 Threw 0x059eba28 at C:\re\jdk7u45\229\hotspot\src\share\vm\prims\jvm.cpp:1244
Event: 57.268 Thread 0x4b40b800 Threw 0x059f2840 at C:\re\jdk7u45\229\hotspot\src\share\vm\prims\jvm.cpp:1244
Event: 57.268 Thread 0x4b40b800 Threw 0x059f6e18 at C:\re\jdk7u45\229\hotspot\src\share\vm\prims\jvm.cpp:1244
Event: 57.268 Thread 0x4b40b800 Threw 0x059fb718 at C:\re\jdk7u45\229\hotspot\src\share\vm\prims\jvm.cpp:1244
Event: 57.268 Thread 0x4b40b800 Threw 0x059ffef0 at C:\re\jdk7u45\229\hotspot\src\share\vm\prims\jvm.cpp:1244
Event: 57.268 Thread 0x4b40b800 Threw 0x05a04a88 at C:\re\jdk7u45\229\hotspot\src\share\vm\prims\jvm.cpp:1244

Events (10 events):
Event: 57.384 loading class 0x4c2cdd68 done
Event: 57.384 loading class 0x4a88a570
Event: 57.384 loading class 0x4a88a570 done
Event: 57.384 loading class 0x4a88bd20
Event: 57.385 loading class 0x4a88bd20 done
Event: 57.391 Executing VM operation: GenCollectForAllocation
Event: 57.395 Executing VM operation: GenCollectForAllocation done
Event: 57.404 loading class 0x4c2cddc0
Event: 57.405 loading class 0x4c2cddc0 done
Event: 57.982 Executing VM operation: GenCollectForAllocation


Dynamic libraries:
0x01250000 - 0x0127f000 	C:\Program Files (x86)\Java\jdk1.7.0_45\bin\java.exe
0x77d70000 - 0x77eeb000 	C:\WINDOWS\SYSTEM32\ntdll.dll
0x764c0000 - 0x765a0000 	C:\WINDOWS\SYSTEM32\KERNEL32.DLL
0x77910000 - 0x77a8e000 	C:\WINDOWS\SYSTEM32\KERNELBASE.dll
0x73f20000 - 0x73fb2000 	C:\WINDOWS\system32\apphelp.dll
0x77cf0000 - 0x77d6b000 	C:\WINDOWS\SYSTEM32\ADVAPI32.dll
0x76630000 - 0x766ee000 	C:\WINDOWS\SYSTEM32\msvcrt.dll
0x76a60000 - 0x76aa4000 	C:\WINDOWS\SYSTEM32\sechost.dll
0x766f0000 - 0x7679d000 	C:\WINDOWS\SYSTEM32\RPCRT4.dll
0x74aa0000 - 0x74abe000 	C:\WINDOWS\SYSTEM32\SspiCli.dll
0x74a90000 - 0x74a9a000 	C:\WINDOWS\SYSTEM32\CRYPTBASE.dll
0x77060000 - 0x770b8000 	C:\WINDOWS\SYSTEM32\bcryptPrimitives.dll
0x76ab0000 - 0x76bf7000 	C:\WINDOWS\SYSTEM32\USER32.dll
0x77750000 - 0x7789f000 	C:\WINDOWS\SYSTEM32\GDI32.dll
0x72f70000 - 0x7317f000 	C:\WINDOWS\WinSxS\x86_microsoft.windows.common-controls_6595b64144ccf1df_6.0.10586.0_none_d3c2e4e965da4528\COMCTL32.dll
0x767a0000 - 0x7695d000 	C:\WINDOWS\SYSTEM32\combase.dll
0x778e0000 - 0x7790b000 	C:\WINDOWS\SYSTEM32\IMM32.DLL
0x6d180000 - 0x6d23f000 	C:\Program Files (x86)\Java\jdk1.7.0_45\jre\bin\msvcr100.dll
0x6ce00000 - 0x6d180000 	C:\Program Files (x86)\Java\jdk1.7.0_45\jre\bin\client\jvm.dll
0x74ac0000 - 0x74ac6000 	C:\WINDOWS\SYSTEM32\PSAPI.DLL
0x746b0000 - 0x746d4000 	C:\WINDOWS\SYSTEM32\WINMM.dll
0x746e0000 - 0x746e8000 	C:\WINDOWS\SYSTEM32\WSOCK32.dll
0x74bf0000 - 0x74c4f000 	C:\WINDOWS\SYSTEM32\WS2_32.dll
0x74400000 - 0x74423000 	C:\WINDOWS\SYSTEM32\WINMMBASE.dll
0x77cb0000 - 0x77ce7000 	C:\WINDOWS\SYSTEM32\cfgmgr32.dll
0x6d660000 - 0x6d66c000 	C:\Program Files (x86)\Java\jdk1.7.0_45\jre\bin\verify.dll
0x6cde0000 - 0x6ce00000 	C:\Program Files (x86)\Java\jdk1.7.0_45\jre\bin\java.dll
0x6cdc0000 - 0x6cdd3000 	C:\Program Files (x86)\Java\jdk1.7.0_45\jre\bin\zip.dll
0x6cda0000 - 0x6cdb4000 	C:\Program Files (x86)\Java\jdk1.7.0_45\jre\bin\net.dll
0x73910000 - 0x7395f000 	C:\WINDOWS\system32\mswsock.dll
0x6cd90000 - 0x6cd9f000 	C:\Program Files (x86)\Java\jdk1.7.0_45\jre\bin\nio.dll
0x73280000 - 0x7328e000 	C:\Users\WenC\.gradle\native\19\windows-i386\native-platform.dll
0x77c60000 - 0x77ca5000 	C:\WINDOWS\SYSTEM32\SHLWAPI.dll
0x73a00000 - 0x73a2f000 	C:\WINDOWS\SYSTEM32\IPHLPAPI.DLL
0x74cb0000 - 0x74cb7000 	C:\WINDOWS\SYSTEM32\NSI.dll
0x73830000 - 0x73843000 	C:\WINDOWS\SYSTEM32\dhcpcsvc6.DLL
0x73800000 - 0x73814000 	C:\WINDOWS\SYSTEM32\dhcpcsvc.DLL
0x73c70000 - 0x73c83000 	C:\WINDOWS\SYSTEM32\CRYPTSP.dll
0x73ab0000 - 0x73adf000 	C:\WINDOWS\system32\rsaenh.dll
0x74110000 - 0x7412b000 	C:\WINDOWS\SYSTEM32\bcrypt.dll
0x749d0000 - 0x749e9000 	C:\WINDOWS\SYSTEM32\USERENV.dll
0x76620000 - 0x7662f000 	C:\WINDOWS\SYSTEM32\profapi.dll
0x73380000 - 0x73392000 	C:\WINDOWS\system32\napinsp.dll
0x73360000 - 0x73376000 	C:\WINDOWS\system32\pnrpnsp.dll
0x73340000 - 0x73354000 	C:\WINDOWS\system32\NLAapi.dll
0x73880000 - 0x73904000 	C:\WINDOWS\SYSTEM32\DNSAPI.dll
0x73790000 - 0x7379b000 	C:\WINDOWS\System32\winrnr.dll
0x73850000 - 0x73871000 	C:\Program Files (x86)\Bonjour\mdnsNSP.dll
0x73820000 - 0x73828000 	C:\Windows\System32\rasadhlp.dll
0x737a0000 - 0x737e7000 	C:\WINDOWS\System32\fwpuclnt.dll
0x6cd80000 - 0x6cd8a000 	C:\Program Files (x86)\Java\jdk1.7.0_45\jre\bin\management.dll
0x6a5d0000 - 0x6a70f000 	C:\WINDOWS\SYSTEM32\dbghelp.dll

VM Arguments:
jvm_args: -Xmx1024m -Dfile.encoding=GBK -Duser.country=CN -Duser.language=zh -Duser.variant 
java_command: org.gradle.launcher.daemon.bootstrap.GradleDaemon 2.10
Launcher Type: SUN_STANDARD

Environment Variables:
JAVA_HOME=C:\Program Files (x86)\Java\jdk1.8.0_65
CLASSPATH=.;C:\Program Files (x86)\Java\jdk1.8.0_65\lib\dt.jar;C:\Program Files (x86)\Java\jdk1.8.0_65\lib\tools.jar;
PATH=D:\Program Files\MongoDB\Server\3.0\bin;C:\Program Files (x86)\NVIDIA Corporation\PhysX\Common;D:\Program Files (x86)\Android\adt-bundle-windows-x86-20140702\sdk\platform-tools;D:\Program Files\NodeJS;C:\ProgramData\Oracle\Java\javapath;C:\Program Files (x86)\Intel\iCLS Client\;C:\Program Files\Intel\iCLS Client\;C:\Program Files (x86)\Java\jdk1.8.0_65\bin;C:\Program Files (x86)\Java\jdk1.8.0_65\jre\bin;C:\WINDOWS\system32;C:\WINDOWS;C:\WINDOWS\System32\Wbem;C:\WINDOWS\System32\WindowsPowerShell\v1.0\;C:\Program Files (x86)\ATI Technologies\ATI.ACE\Core-Static;C:\Program Files\Intel\Intel(R) Management Engine Components\DAL;C:\Program Files\Intel\Intel(R) Management Engine Components\IPT;C:\Program Files (x86)\Intel\Intel(R) Management Engine Components\DAL;C:\Program Files (x86)\Intel\Intel(R) Management Engine Components\IPT;C:\Program Files (x86)\MySQL\MySQL Server 5.5\bin;D:\Program Files (x86)\apache-maven-3.3.3\bin;d:\Program Files (x86)\WinSCP\;C:\Program Files (x86)\AMD\ATI.ACE\Core-Static;D:\Program Files\NodeJS\;D:\Program Files\cmder;d:\Program Files\Git\cmd;d:\Program Files\Git\mingw64\bin;d:\Program Files\Git\usr\bin;D:\Program Files\TortoiseSVN\bin;C:\Program Files\Microsoft\Web Platform Installer\;C:\Program Files (x86)\Microsoft ASP.NET\ASP.NET Web Pages\v1.0\;C:\Program Files (x86)\Windows Kits\8.0\Windows Performance Toolkit\;C:\Program Files\Microsoft SQL Server\110\Tools\Binn\;C:\Users\WenC\AppData\Roaming\npm
USERNAME=WenC
OS=Windows_NT
PROCESSOR_IDENTIFIER=Intel64 Family 6 Model 58 Stepping 9, GenuineIntel



---------------  S Y S T E M  ---------------

OS: Windows 8 , 64 bit Build 9200 

CPU:total 4 (2 cores per cpu, 2 threads per core) family 6 model 58 stepping 9, cmov, cx8, fxsr, mmx, sse, sse2, sse3, ssse3, sse4.1, sse4.2, popcnt, avx, aes, erms, ht, tsc, tscinvbit, tscinv

Memory: 4k page, physical 8288616k(5497788k free), swap 8812904k(6147408k free)

vm_info: Java HotSpot(TM) Client VM (24.45-b08) for windows-x86 JRE (1.7.0_45-b18), built on Oct  8 2013 06:02:43 by "java_re" with unknown MS VC++:1600

time: Sat Jun 11 17:53:21 2016
elapsed time: 58 seconds

