#
# A fatal error has been detected by the Java Runtime Environment:
#
#  EXCEPTION_ACCESS_VIOLATION (0xc0000005) at pc=0x6cea23f2, pid=8908, tid=9508
#
# JRE version: Java(TM) SE Runtime Environment (7.0_45-b18) (build 1.7.0_45-b18)
# Java VM: Java HotSpot(TM) Client VM (24.45-b08 mixed mode windows-x86 )
# Problematic frame:
# V  [jvm.dll+0xa23f2]
#
# Failed to write core dump. Minidumps are not enabled by default on client versions of Windows
#
# If you would like to submit a bug report, please visit:
#   http://bugreport.sun.com/bugreport/crash.jsp
#

---------------  T H R E A D  ---------------

Current thread (0x00f41800):  VMThread [stack: 0x4a620000,0x4a670000] [id=9508]

siginfo: ExceptionCode=0xc0000005, reading address 0x00001000

Registers:
EAX=0x00001000, EBX=0x446b25d8, ECX=0x05caf833, EDX=0x05c577f4
ESP=0x4a66f3c4, EBP=0x4a66f3d8, ESI=0x05c577e4, EDI=0x4a66f528
EIP=0x6cea23f2, EFLAGS=0x00010287

Top of Stack: (sp=0x4a66f3c4)
0x4a66f3c4:   05c7f9d8 05c577a8 4a66f528 446b25e0
0x4a66f3d4:   446b2438 4a66f3f8 6ce8d9c3 05c577a8
0x4a66f3e4:   05c577f4 00e56728 4a66f528 00000000
0x4a66f3f4:   00e56da0 4a66f40c 6ce7de0d 4a66f528
0x4a66f404:   00e53ca8 00000000 4a66f420 6ce8445c
0x4a66f414:   4a66f528 00e53ca8 4a66f4e8 4a66f5e0
0x4a66f424:   6ce7e267 00000000 4a66f528 4a66f500
0x4a66f434:   00e56728 6ce7f606 00e53d00 00e53ca8 

Instructions: (pc=0x6cea23f2)
0x6cea23d2:   8b 7d 0c 8b 33 03 75 08 8b 53 04 8d 14 96 89 55
0x6cea23e2:   0c 3b f2 73 6b 8b 06 85 c0 74 58 3b 47 20 73 53
0x6cea23f2:   8b 08 83 e1 03 80 f9 03 75 1e 8b 00 80 3d e2 70
0x6cea2402:   11 6d 00 74 0e 8b c8 83 e1 07 80 f9 05 75 04 33 


Register to memory mapping:

EAX=0x00001000 is an unknown value
EBX=0x446b25d8 is pointing into object: 0x446b2430
{instance class} 
 - klass: {other class}
ECX=0x05caf833 is pointing into object: 0x05caf830
java.lang.String 
 - klass: 'java/lang/String'
EDX=0x05c577f4 is pointing into object: 0x05c577a8
java.lang.reflect.Method 
 - klass: 'java/lang/reflect/Method'
ESP=0x4a66f3c4 is an unknown value
EBP=0x4a66f3d8 is an unknown value
ESI=0x05c577e4 is pointing into object: 0x05c577a8
java.lang.reflect.Method 
 - klass: 'java/lang/reflect/Method'
EDI=0x4a66f528 is an unknown value


Stack: [0x4a620000,0x4a670000],  sp=0x4a66f3c4,  free space=316k
Native frames: (J=compiled Java code, j=interpreted, Vv=VM code, C=native code)
V  [jvm.dll+0xa23f2]
V  [jvm.dll+0x8d9c3]
V  [jvm.dll+0x7de0d]
V  [jvm.dll+0x8445c]
V  [jvm.dll+0x7e267]
V  [jvm.dll+0x854aa]
V  [jvm.dll+0x7c183]
V  [jvm.dll+0x19bfb6]
V  [jvm.dll+0x1661fb]
V  [jvm.dll+0x165601]
V  [jvm.dll+0x165a17]
V  [jvm.dll+0x165c12]
V  [jvm.dll+0x1a49f9]
C  [msvcr100.dll+0x5c556]
C  [msvcr100.dll+0x5c600]
C  [KERNEL32.DLL+0x138f4]
C  [ntdll.dll+0x65de3]
C  [ntdll.dll+0x65dae]

VM_Operation (0x4bb4d674): GenCollectForAllocation, mode: safepoint, requested by thread 0x4c9c8400


---------------  P R O C E S S  ---------------

Java Threads: ( => current thread )
  0x4c9cdc00 JavaThread "Stdin handler" [_thread_blocked, id=6052, stack(0x4bb90000,0x4bbe0000)]
  0x4c9c8400 JavaThread "Daemon worker Thread 2" [_thread_blocked, id=10212, stack(0x4bb00000,0x4bb50000)]
  0x4c9ca400 JavaThread "Cancel handler" [_thread_blocked, id=9604, stack(0x00560000,0x005b0000)]
  0x4c9cc400 JavaThread "Handler for socket connection from /127.0.0.1:2287 to /127.0.0.1:3477" [_thread_in_native, id=6584, stack(0x004d0000,0x00520000)]
  0x4c9ccc00 JavaThread "Daemon Thread 2" [_thread_blocked, id=10204, stack(0x00160000,0x001b0000)]
  0x4c9cc000 JavaThread "pool-2-thread-4" [_thread_blocked, id=9760, stack(0x4d6b0000,0x4d700000)]
  0x4c33a000 JavaThread "pool-2-thread-3" [_thread_blocked, id=10104, stack(0x4d460000,0x4d4b0000)]
  0x4c339400 JavaThread "pool-2-thread-2" [_thread_blocked, id=10100, stack(0x4d3d0000,0x4d420000)]
  0x4c339c00 JavaThread "pool-2-thread-1" [_thread_blocked, id=10020, stack(0x4d340000,0x4d390000)]
  0x4b89e800 JavaThread "File lock request listener" [_thread_in_native, id=10068, stack(0x4bdd0000,0x4be20000)]
  0x4b373400 JavaThread "Incoming local TCP Connector on port 2287" [_thread_in_native, id=6580, stack(0x4b9f0000,0x4ba40000)]
  0x4a7b6c00 JavaThread "Service Thread" daemon [_thread_blocked, id=3728, stack(0x4ab80000,0x4abd0000)]
  0x4a7b5800 JavaThread "C1 CompilerThread0" daemon [_thread_blocked, id=5972, stack(0x4aaf0000,0x4ab40000)]
  0x4a7b4000 JavaThread "Attach Listener" daemon [_thread_blocked, id=7024, stack(0x4aa60000,0x4aab0000)]
  0x4a7b2000 JavaThread "Signal Dispatcher" daemon [_thread_blocked, id=10232, stack(0x4a9d0000,0x4aa20000)]
  0x00f49800 JavaThread "Finalizer" daemon [_thread_blocked, id=6688, stack(0x4a740000,0x4a790000)]
  0x00f43800 JavaThread "Reference Handler" daemon [_thread_blocked, id=8772, stack(0x4a6b0000,0x4a700000)]
  0x00afc400 JavaThread "main" [_thread_blocked, id=6392, stack(0x00a80000,0x00ad0000)]

Other Threads:
=>0x00f41800 VMThread [stack: 0x4a620000,0x4a670000] [id=9508]
  0x4a7d2400 WatcherThread [stack: 0x4ac10000,0x4ac60000] [id=6548]

VM state:at safepoint (normal execution)

VM Mutex/Monitor currently owned by a thread:  ([mutex/lock_event])
[0x00afaf70] Threads_lock - owner thread: 0x00f41800
[0x00afb308] Heap_lock - owner thread: 0x4c9c8400

Heap
 def new generation   total 21888K, used 21888K [0x04680000, 0x05e40000, 0x19bd0000)
  eden space 19456K, 100% used [0x04680000, 0x05980000, 0x05980000)
  from space 2432K, 100% used [0x05980000, 0x05be0000, 0x05be0000)
  to   space 2432K,  34% used [0x05be0000, 0x05caf848, 0x05e40000)
 tenured generation   total 48464K, used 32539K [0x19bd0000, 0x1cb24000, 0x44680000)
   the space 48464K,  67% used [0x19bd0000, 0x1bb96ef8, 0x1bb97000, 0x1cb24000)
 compacting perm gen  total 33792K, used 33668K [0x44680000, 0x46780000, 0x48680000)
   the space 33792K,  99% used [0x44680000, 0x467612d0, 0x46761400, 0x46780000)
No shared spaces configured.

Card table byte_map: [0x00fd0000,0x01200000] byte_map_base: 0x00facc00

Polling page: 0x005e0000

Code Cache  [0x02680000, 0x02fe8000, 0x04680000)
 total_blobs=5499 nmethods=5071 adapters=364 free_code_cache=23160Kb largest_free_block=23709696

Compilation events (10 events):
Event: 189.458 Thread 0x4a7b5800 nmethod 5155 0x02fe2548 code [0x02fe2650, 0x02fe26ec]
Event: 189.460 Thread 0x4a7b5800 5156             com.google.common.collect.LinkedHashMultimap$ValueSet$1::next (43 bytes)
Event: 189.460 Thread 0x4a7b5800 nmethod 5156 0x02fe2788 code [0x02fe28a0, 0x02fe2a88]
Event: 189.460 Thread 0x4a7b5800 5157             org.gradle.model.internal.registry.ModelGraph::notifyListeners (47 bytes)
Event: 189.460 Thread 0x4a7b5800 nmethod 5157 0x02fe2c88 code [0x02fe2dd0, 0x02fe2f2c]
Event: 189.461 Thread 0x4a7b5800 5158             org.gradle.model.internal.registry.RuleBindings::addTypeMatches (53 bytes)
Event: 189.461 Thread 0x4a7b5800 nmethod 5158 0x02fe3088 code [0x02fe31e0, 0x02fe3378]
Event: 189.463 Thread 0x4a7b5800 5159             org.gradle.model.internal.registry.ModelBinding::getNode (22 bytes)
Event: 189.463 Thread 0x4a7b5800 nmethod 5159 0x02fe3548 code [0x02fe3650, 0x02fe375c]
Event: 189.463 Thread 0x4a7b5800 5160             com.google.common.collect.ArrayListMultimap::get (6 bytes)

GC Heap History (10 events):
Event: 54.513 GC heap after
Heap after GC invocations=111 (full 6):
 def new generation   total 21888K, used 0K [0x04680000, 0x05e40000, 0x19bd0000)
  eden space 19456K,   0% used [0x04680000, 0x04680000, 0x05980000)
  from space 2432K,   0% used [0x05980000, 0x05980000, 0x05be0000)
  to   space 2432K,   0% used [0x05be0000, 0x05be0000, 0x05e40000)
 tenured generation   total 48464K, used 27759K [0x19bd0000, 0x1cb24000, 0x44680000)
   the space 48464K,  57% used [0x19bd0000, 0x1b6ebf98, 0x1b6ec000, 0x1cb24000)
 compacting perm gen  total 33536K, used 33503K [0x44680000, 0x46740000, 0x48680000)
   the space 33536K,  99% used [0x44680000, 0x46737d50, 0x46737e00, 0x46740000)
No shared spaces configured.
}
Event: 188.863 GC heap before
{Heap before GC invocations=111 (full 6):
 def new generation   total 21888K, used 19456K [0x04680000, 0x05e40000, 0x19bd0000)
  eden space 19456K, 100% used [0x04680000, 0x05980000, 0x05980000)
  from space 2432K,   0% used [0x05980000, 0x05980000, 0x05be0000)
  to   space 2432K,   0% used [0x05be0000, 0x05be0000, 0x05e40000)
 tenured generation   total 48464K, used 27759K [0x19bd0000, 0x1cb24000, 0x44680000)
   the space 48464K,  57% used [0x19bd0000, 0x1b6ebf98, 0x1b6ec000, 0x1cb24000)
 compacting perm gen  total 33792K, used 33588K [0x44680000, 0x46780000, 0x48680000)
   the space 33792K,  99% used [0x44680000, 0x4674d2c0, 0x4674d400, 0x46780000)
No shared spaces configured.
Event: 188.870 GC heap after
Heap after GC invocations=112 (full 6):
 def new generation   total 21888K, used 2093K [0x04680000, 0x05e40000, 0x19bd0000)
  eden space 19456K,   0% used [0x04680000, 0x04680000, 0x05980000)
  from space 2432K,  86% used [0x05be0000, 0x05deb550, 0x05e40000)
  to   space 2432K,   0% used [0x05980000, 0x05980000, 0x05be0000)
 tenured generation   total 48464K, used 27759K [0x19bd0000, 0x1cb24000, 0x44680000)
   the space 48464K,  57% used [0x19bd0000, 0x1b6ebf98, 0x1b6ec000, 0x1cb24000)
 compacting perm gen  total 33792K, used 33588K [0x44680000, 0x46780000, 0x48680000)
   the space 33792K,  99% used [0x44680000, 0x4674d2c0, 0x4674d400, 0x46780000)
No shared spaces configured.
}
Event: 188.982 GC heap before
{Heap before GC invocations=112 (full 6):
 def new generation   total 21888K, used 21549K [0x04680000, 0x05e40000, 0x19bd0000)
  eden space 19456K, 100% used [0x04680000, 0x05980000, 0x05980000)
  from space 2432K,  86% used [0x05be0000, 0x05deb550, 0x05e40000)
  to   space 2432K,   0% used [0x05980000, 0x05980000, 0x05be0000)
 tenured generation   total 48464K, used 27759K [0x19bd0000, 0x1cb24000, 0x44680000)
   the space 48464K,  57% used [0x19bd0000, 0x1b6ebf98, 0x1b6ec000, 0x1cb24000)
 compacting perm gen  total 33792K, used 33588K [0x44680000, 0x46780000, 0x48680000)
   the space 33792K,  99% used [0x44680000, 0x4674d300, 0x4674d400, 0x46780000)
No shared spaces configured.
Event: 188.989 GC heap after
Heap after GC invocations=113 (full 6):
 def new generation   total 21888K, used 578K [0x04680000, 0x05e40000, 0x19bd0000)
  eden space 19456K,   0% used [0x04680000, 0x04680000, 0x05980000)
  from space 2432K,  23% used [0x05980000, 0x05a10b10, 0x05be0000)
  to   space 2432K,   0% used [0x05be0000, 0x05be0000, 0x05e40000)
 tenured generation   total 48464K, used 29624K [0x19bd0000, 0x1cb24000, 0x44680000)
   the space 48464K,  61% used [0x19bd0000, 0x1b8be368, 0x1b8be400, 0x1cb24000)
 compacting perm gen  total 33792K, used 33588K [0x44680000, 0x46780000, 0x48680000)
   the space 33792K,  99% used [0x44680000, 0x4674d300, 0x4674d400, 0x46780000)
No shared spaces configured.
}
Event: 189.138 GC heap before
{Heap before GC invocations=113 (full 6):
 def new generation   total 21888K, used 20034K [0x04680000, 0x05e40000, 0x19bd0000)
  eden space 19456K, 100% used [0x04680000, 0x05980000, 0x05980000)
  from space 2432K,  23% used [0x05980000, 0x05a10b10, 0x05be0000)
  to   space 2432K,   0% used [0x05be0000, 0x05be0000, 0x05e40000)
 tenured generation   total 48464K, used 29624K [0x19bd0000, 0x1cb24000, 0x44680000)
   the space 48464K,  61% used [0x19bd0000, 0x1b8be368, 0x1b8be400, 0x1cb24000)
 compacting perm gen  total 33792K, used 33592K [0x44680000, 0x46780000, 0x48680000)
   the space 33792K,  99% used [0x44680000, 0x4674e360, 0x4674e400, 0x46780000)
No shared spaces configured.
Event: 189.145 GC heap after
Heap after GC invocations=114 (full 6):
 def new generation   total 21888K, used 1978K [0x04680000, 0x05e40000, 0x19bd0000)
  eden space 19456K,   0% used [0x04680000, 0x04680000, 0x05980000)
  from space 2432K,  81% used [0x05be0000, 0x05dce820, 0x05e40000)
  to   space 2432K,   0% used [0x05980000, 0x05980000, 0x05be0000)
 tenured generation   total 48464K, used 29624K [0x19bd0000, 0x1cb24000, 0x44680000)
   the space 48464K,  61% used [0x19bd0000, 0x1b8be368, 0x1b8be400, 0x1cb24000)
 compacting perm gen  total 33792K, used 33592K [0x44680000, 0x46780000, 0x48680000)
   the space 33792K,  99% used [0x44680000, 0x4674e360, 0x4674e400, 0x46780000)
No shared spaces configured.
}
Event: 189.277 GC heap before
{Heap before GC invocations=114 (full 6):
 def new generation   total 21888K, used 21434K [0x04680000, 0x05e40000, 0x19bd0000)
  eden space 19456K, 100% used [0x04680000, 0x05980000, 0x05980000)
  from space 2432K,  81% used [0x05be0000, 0x05dce820, 0x05e40000)
  to   space 2432K,   0% used [0x05980000, 0x05980000, 0x05be0000)
 tenured generation   total 48464K, used 29624K [0x19bd0000, 0x1cb24000, 0x44680000)
   the space 48464K,  61% used [0x19bd0000, 0x1b8be368, 0x1b8be400, 0x1cb24000)
 compacting perm gen  total 33792K, used 33626K [0x44680000, 0x46780000, 0x48680000)
   the space 33792K,  99% used [0x44680000, 0x467568f0, 0x46756a00, 0x46780000)
No shared spaces configured.
Event: 189.290 GC heap after
Heap after GC invocations=115 (full 6):
 def new generation   total 21888K, used 2432K [0x04680000, 0x05e40000, 0x19bd0000)
  eden space 19456K,   0% used [0x04680000, 0x04680000, 0x05980000)
  from space 2432K, 100% used [0x05980000, 0x05be0000, 0x05be0000)
  to   space 2432K,   0% used [0x05be0000, 0x05be0000, 0x05e40000)
 tenured generation   total 48464K, used 32347K [0x19bd0000, 0x1cb24000, 0x44680000)
   the space 48464K,  66% used [0x19bd0000, 0x1bb66c00, 0x1bb66c00, 0x1cb24000)
 compacting perm gen  total 33792K, used 33626K [0x44680000, 0x46780000, 0x48680000)
   the space 33792K,  99% used [0x44680000, 0x467568f0, 0x46756a00, 0x46780000)
No shared spaces configured.
}
Event: 189.464 GC heap before
{Heap before GC invocations=115 (full 6):
 def new generation   total 21888K, used 21888K [0x04680000, 0x05e40000, 0x19bd0000)
  eden space 19456K, 100% used [0x04680000, 0x05980000, 0x05980000)
  from space 2432K, 100% used [0x05980000, 0x05be0000, 0x05be0000)
  to   space 2432K,   0% used [0x05be0000, 0x05be0000, 0x05e40000)
 tenured generation   total 48464K, used 32347K [0x19bd0000, 0x1cb24000, 0x44680000)
   the space 48464K,  66% used [0x19bd0000, 0x1bb66c00, 0x1bb66c00, 0x1cb24000)
 compacting perm gen  total 33792K, used 33668K [0x44680000, 0x46780000, 0x48680000)
   the space 33792K,  99% used [0x44680000, 0x467612d0, 0x46761400, 0x46780000)
No shared spaces configured.

Deoptimization events (0 events):
No events

Internal exceptions (10 events):
Event: 189.434 Thread 0x4c9c8400 Threw 0x05654998 at C:\re\jdk7u45\229\hotspot\src\share\vm\prims\jvm.cpp:1244
Event: 189.434 Thread 0x4c9c8400 Threw 0x056557d0 at C:\re\jdk7u45\229\hotspot\src\share\vm\prims\jvm.cpp:1244
Event: 189.434 Thread 0x4c9c8400 Threw 0x0565cc20 at C:\re\jdk7u45\229\hotspot\src\share\vm\prims\jvm.cpp:1244
Event: 189.437 Thread 0x4c9c8400 Threw 0x056d2930 at C:\re\jdk7u45\229\hotspot\src\share\vm\runtime\sharedRuntime.cpp:591
Event: 189.438 Thread 0x4c9c8400 Threw 0x056d9a40 at C:\re\jdk7u45\229\hotspot\src\share\vm\prims\jvm.cpp:1244
Event: 189.438 Thread 0x4c9c8400 Threw 0x056da8a0 at C:\re\jdk7u45\229\hotspot\src\share\vm\prims\jvm.cpp:1244
Event: 189.438 Thread 0x4c9c8400 Threw 0x056e1fd8 at C:\re\jdk7u45\229\hotspot\src\share\vm\prims\jvm.cpp:1244
Event: 189.439 Thread 0x4c9c8400 Threw 0x05714c18 at C:\re\jdk7u45\229\hotspot\src\share\vm\prims\jvm.cpp:1244
Event: 189.439 Thread 0x4c9c8400 Threw 0x05715a20 at C:\re\jdk7u45\229\hotspot\src\share\vm\prims\jvm.cpp:1244
Event: 189.439 Thread 0x4c9c8400 Threw 0x0571cb60 at C:\re\jdk7u45\229\hotspot\src\share\vm\prims\jvm.cpp:1244

Events (10 events):
Event: 189.425 loading class 0x4c3e0200 done
Event: 189.428 loading class 0x4c9de108
Event: 189.428 loading class 0x4c9de108 done
Event: 189.434 loading class 0x4c3dfe58
Event: 189.434 loading class 0x4c3dfe58 done
Event: 189.437 loading class 0x4c424ff8
Event: 189.437 loading class 0x4c424ff8 done
Event: 189.439 loading class 0x4c3dff28
Event: 189.439 loading class 0x4c3dff28 done
Event: 189.464 Executing VM operation: GenCollectForAllocation


Dynamic libraries:
0x01250000 - 0x0127f000 	C:\Program Files (x86)\Java\jdk1.7.0_45\bin\java.exe
0x77d70000 - 0x77eeb000 	C:\WINDOWS\SYSTEM32\ntdll.dll
0x764c0000 - 0x765a0000 	C:\WINDOWS\SYSTEM32\KERNEL32.DLL
0x77910000 - 0x77a8e000 	C:\WINDOWS\SYSTEM32\KERNELBASE.dll
0x73f20000 - 0x73fb2000 	C:\WINDOWS\system32\apphelp.dll
0x77cf0000 - 0x77d6b000 	C:\WINDOWS\SYSTEM32\ADVAPI32.dll
0x76630000 - 0x766ee000 	C:\WINDOWS\SYSTEM32\msvcrt.dll
0x76a60000 - 0x76aa4000 	C:\WINDOWS\SYSTEM32\sechost.dll
0x766f0000 - 0x7679d000 	C:\WINDOWS\SYSTEM32\RPCRT4.dll
0x74aa0000 - 0x74abe000 	C:\WINDOWS\SYSTEM32\SspiCli.dll
0x74a90000 - 0x74a9a000 	C:\WINDOWS\SYSTEM32\CRYPTBASE.dll
0x77060000 - 0x770b8000 	C:\WINDOWS\SYSTEM32\bcryptPrimitives.dll
0x76ab0000 - 0x76bf7000 	C:\WINDOWS\SYSTEM32\USER32.dll
0x77750000 - 0x7789f000 	C:\WINDOWS\SYSTEM32\GDI32.dll
0x72f70000 - 0x7317f000 	C:\WINDOWS\WinSxS\x86_microsoft.windows.common-controls_6595b64144ccf1df_6.0.10586.0_none_d3c2e4e965da4528\COMCTL32.dll
0x767a0000 - 0x7695d000 	C:\WINDOWS\SYSTEM32\combase.dll
0x778e0000 - 0x7790b000 	C:\WINDOWS\SYSTEM32\IMM32.DLL
0x6d180000 - 0x6d23f000 	C:\Program Files (x86)\Java\jdk1.7.0_45\jre\bin\msvcr100.dll
0x6ce00000 - 0x6d180000 	C:\Program Files (x86)\Java\jdk1.7.0_45\jre\bin\client\jvm.dll
0x74ac0000 - 0x74ac6000 	C:\WINDOWS\SYSTEM32\PSAPI.DLL
0x746e0000 - 0x746e8000 	C:\WINDOWS\SYSTEM32\WSOCK32.dll
0x746b0000 - 0x746d4000 	C:\WINDOWS\SYSTEM32\WINMM.dll
0x74bf0000 - 0x74c4f000 	C:\WINDOWS\SYSTEM32\WS2_32.dll
0x74400000 - 0x74423000 	C:\WINDOWS\SYSTEM32\WINMMBASE.dll
0x77cb0000 - 0x77ce7000 	C:\WINDOWS\SYSTEM32\cfgmgr32.dll
0x6d660000 - 0x6d66c000 	C:\Program Files (x86)\Java\jdk1.7.0_45\jre\bin\verify.dll
0x6cde0000 - 0x6ce00000 	C:\Program Files (x86)\Java\jdk1.7.0_45\jre\bin\java.dll
0x6cdc0000 - 0x6cdd3000 	C:\Program Files (x86)\Java\jdk1.7.0_45\jre\bin\zip.dll
0x6cda0000 - 0x6cdb4000 	C:\Program Files (x86)\Java\jdk1.7.0_45\jre\bin\net.dll
0x73910000 - 0x7395f000 	C:\WINDOWS\system32\mswsock.dll
0x6cd90000 - 0x6cd9f000 	C:\Program Files (x86)\Java\jdk1.7.0_45\jre\bin\nio.dll
0x73280000 - 0x7328e000 	C:\Users\WenC\.gradle\native\19\windows-i386\native-platform.dll
0x77c60000 - 0x77ca5000 	C:\WINDOWS\SYSTEM32\SHLWAPI.dll
0x73a00000 - 0x73a2f000 	C:\WINDOWS\SYSTEM32\IPHLPAPI.DLL
0x74cb0000 - 0x74cb7000 	C:\WINDOWS\SYSTEM32\NSI.dll
0x73830000 - 0x73843000 	C:\WINDOWS\SYSTEM32\dhcpcsvc6.DLL
0x73800000 - 0x73814000 	C:\WINDOWS\SYSTEM32\dhcpcsvc.DLL
0x73c70000 - 0x73c83000 	C:\WINDOWS\SYSTEM32\CRYPTSP.dll
0x73ab0000 - 0x73adf000 	C:\WINDOWS\system32\rsaenh.dll
0x74110000 - 0x7412b000 	C:\WINDOWS\SYSTEM32\bcrypt.dll
0x749d0000 - 0x749e9000 	C:\WINDOWS\SYSTEM32\USERENV.dll
0x76620000 - 0x7662f000 	C:\WINDOWS\SYSTEM32\profapi.dll
0x73380000 - 0x73392000 	C:\WINDOWS\system32\napinsp.dll
0x73360000 - 0x73376000 	C:\WINDOWS\system32\pnrpnsp.dll
0x73340000 - 0x73354000 	C:\WINDOWS\system32\NLAapi.dll
0x73880000 - 0x73904000 	C:\WINDOWS\SYSTEM32\DNSAPI.dll
0x73790000 - 0x7379b000 	C:\WINDOWS\System32\winrnr.dll
0x73850000 - 0x73871000 	C:\Program Files (x86)\Bonjour\mdnsNSP.dll
0x73820000 - 0x73828000 	C:\Windows\System32\rasadhlp.dll
0x737a0000 - 0x737e7000 	C:\WINDOWS\System32\fwpuclnt.dll
0x6cd80000 - 0x6cd8a000 	C:\Program Files (x86)\Java\jdk1.7.0_45\jre\bin\management.dll
0x6c6b0000 - 0x6c7ef000 	C:\WINDOWS\SYSTEM32\dbghelp.dll

VM Arguments:
jvm_args: -Xmx1024m -Dfile.encoding=GBK -Duser.country=CN -Duser.language=zh -Duser.variant 
java_command: org.gradle.launcher.daemon.bootstrap.GradleDaemon 2.10
Launcher Type: SUN_STANDARD

Environment Variables:
JAVA_HOME=C:\Program Files (x86)\Java\jdk1.8.0_65
CLASSPATH=.;C:\Program Files (x86)\Java\jdk1.8.0_65\lib\dt.jar;C:\Program Files (x86)\Java\jdk1.8.0_65\lib\tools.jar;
PATH=D:\Program Files\MongoDB\Server\3.0\bin;C:\Program Files (x86)\NVIDIA Corporation\PhysX\Common;D:\Program Files (x86)\Android\adt-bundle-windows-x86-20140702\sdk\platform-tools;D:\Program Files\NodeJS;C:\ProgramData\Oracle\Java\javapath;C:\Program Files (x86)\Intel\iCLS Client\;C:\Program Files\Intel\iCLS Client\;C:\Program Files (x86)\Java\jdk1.8.0_65\bin;C:\Program Files (x86)\Java\jdk1.8.0_65\jre\bin;C:\WINDOWS\system32;C:\WINDOWS;C:\WINDOWS\System32\Wbem;C:\WINDOWS\System32\WindowsPowerShell\v1.0\;C:\Program Files (x86)\ATI Technologies\ATI.ACE\Core-Static;C:\Program Files\Intel\Intel(R) Management Engine Components\DAL;C:\Program Files\Intel\Intel(R) Management Engine Components\IPT;C:\Program Files (x86)\Intel\Intel(R) Management Engine Components\DAL;C:\Program Files (x86)\Intel\Intel(R) Management Engine Components\IPT;C:\Program Files (x86)\MySQL\MySQL Server 5.5\bin;D:\Program Files (x86)\apache-maven-3.3.3\bin;d:\Program Files (x86)\WinSCP\;C:\Program Files (x86)\AMD\ATI.ACE\Core-Static;D:\Program Files\NodeJS\;D:\Program Files\cmder;d:\Program Files\Git\cmd;d:\Program Files\Git\mingw64\bin;d:\Program Files\Git\usr\bin;D:\Program Files\TortoiseSVN\bin;C:\Program Files\Microsoft\Web Platform Installer\;C:\Program Files (x86)\Microsoft ASP.NET\ASP.NET Web Pages\v1.0\;C:\Program Files (x86)\Windows Kits\8.0\Windows Performance Toolkit\;C:\Program Files\Microsoft SQL Server\110\Tools\Binn\;C:\Users\WenC\AppData\Roaming\npm
USERNAME=WenC
OS=Windows_NT
PROCESSOR_IDENTIFIER=Intel64 Family 6 Model 58 Stepping 9, GenuineIntel



---------------  S Y S T E M  ---------------

OS: Windows 8 , 64 bit Build 9200 

CPU:total 4 (2 cores per cpu, 2 threads per core) family 6 model 58 stepping 9, cmov, cx8, fxsr, mmx, sse, sse2, sse3, ssse3, sse4.1, sse4.2, popcnt, avx, aes, erms, ht, tsc, tscinvbit, tscinv

Memory: 4k page, physical 8288616k(5437060k free), swap 8812904k(6092384k free)

vm_info: Java HotSpot(TM) Client VM (24.45-b08) for windows-x86 JRE (1.7.0_45-b18), built on Oct  8 2013 06:02:43 by "java_re" with unknown MS VC++:1600

time: Sat Jun 11 17:56:37 2016
elapsed time: 189 seconds

